app/build/intermediates/manifest_merge_blame_file/release/manifest-merger-blame-release-report.txt
1<?xml version="1.0" encoding="utf-8"?>
2<manifest xmlns:android="http://schemas.android.com/apk/res/android"
3    package="id.akn.imguiunitytouch"
4    android:versionCode="1"
5    android:versionName="1.0" >
6
7    <uses-sdk
8        android:minSdkVersion="21"
8-->src\main\AndroidManifest.xml
9        android:targetSdkVersion="32" />
9-->src\main\AndroidManifest.xml
10
11    <application
11-->src\main\AndroidManifest.xml:6:5-24:19
12        android:allowBackup="true"
12-->src\main\AndroidManifest.xml:7:9-35
13        android:dataExtractionRules="@xml/data_extraction_rules"
13-->src\main\AndroidManifest.xml:8:9-65
14        android:fullBackupContent="@xml/backup_rules"
14-->src\main\AndroidManifest.xml:9:9-54
15        android:icon="@mipmap/ic_launcher"
15-->src\main\AndroidManifest.xml:10:9-43
16        android:label="@string/app_name"
16-->src\main\AndroidManifest.xml:11:9-41
17        android:roundIcon="@mipmap/ic_launcher_round"
17-->src\main\AndroidManifest.xml:12:9-54
18        android:supportsRtl="true" >
18-->src\main\AndroidManifest.xml:13:9-35
19        <activity
19-->src\main\AndroidManifest.xml:15:9-23:20
20            android:name="id.akn.imguiunitytouch.MainActivity"
20-->src\main\AndroidManifest.xml:16:13-41
21            android:exported="true" >
21-->src\main\AndroidManifest.xml:17:13-36
22            <intent-filter>
22-->src\main\AndroidManifest.xml:18:13-22:29
23                <action android:name="android.intent.action.MAIN" />
23-->src\main\AndroidManifest.xml:19:17-69
23-->src\main\AndroidManifest.xml:19:25-66
24
25                <category android:name="android.intent.category.LAUNCHER" />
25-->src\main\AndroidManifest.xml:21:17-77
25-->src\main\AndroidManifest.xml:21:27-74
26            </intent-filter>
27        </activity>
28    </application>
29
30</manifest>